# JRE version: OpenJDK Runtime Environment (11.0.12+7) (build 11.0.12+7-b1504.28-7817840)
# Java VM: OpenJDK 64-Bit Server VM (11.0.12+7-b1504.28-7817840, mixed mode, tiered, compressed oops, g1 gc, windows-amd64)
Heap:
 garbage-first heap   total 365568K, used 167718K [0x0000000080000000, 0x0000000100000000)
  region size 1024K, 2 young (2048K), 1 survivors (1024K)
 Metaspace       used 151250K, capacity 155841K, committed 159820K, reserved 1187840K
  class space    used 18330K, capacity 19986K, committed 20812K, reserved 1048576K
GC Heap History (20 events):
Event: 2056.631 GC heap before
{Heap before GC invocations=73 (full 0):
 garbage-first heap   total 365568K, used 318219K [0x0000000080000000, 0x0000000100000000)
  region size 1024K, 24 young (24576K), 1 survivors (1024K)
 Metaspace       used 154209K, capacity 159402K, committed 159564K, reserved 1187840K
  class space    used 18849K, capacity 20737K, committed 20812K, reserved 1048576K
}
Event: 2056.645 GC heap after
{Heap after GC invocations=74 (full 0):
 garbage-first heap   total 365568K, used 298522K [0x0000000080000000, 0x0000000100000000)
  region size 1024K, 3 young (3072K), 3 survivors (3072K)
 Metaspace       used 154209K, capacity 159402K, committed 159564K, reserved 1187840K
  class space    used 18849K, capacity 20737K, committed 20812K, reserved 1048576K
}
Event: 2057.346 GC heap before
{Heap before GC invocations=74 (full 0):
 garbage-first heap   total 365568K, used 320026K [0x0000000080000000, 0x0000000100000000)
  region size 1024K, 24 young (24576K), 3 survivors (3072K)
 Metaspace       used 154312K, capacity 159481K, committed 159564K, reserved 1187840K
  class space    used 18850K, capacity 20739K, committed 20812K, reserved 1048576K
}
Event: 2057.385 GC heap after
{Heap after GC invocations=75 (full 0):
 garbage-first heap   total 365568K, used 305348K [0x0000000080000000, 0x0000000100000000)
  region size 1024K, 3 young (3072K), 3 survivors (3072K)
 Metaspace       used 154312K, capacity 159481K, committed 159564K, reserved 1187840K
  class space    used 18850K, capacity 20739K, committed 20812K, reserved 1048576K
}
Event: 2057.765 GC heap before
{Heap before GC invocations=75 (full 0):
 garbage-first heap   total 365568K, used 321732K [0x0000000080000000, 0x0000000100000000)
  region size 1024K, 18 young (18432K), 3 survivors (3072K)
 Metaspace       used 154374K, capacity 159509K, committed 159820K, reserved 1187840K
  class space    used 18855K, capacity 20748K, committed 20812K, reserved 1048576K
}
Event: 2057.795 GC heap after
{Heap after GC invocations=76 (full 0):
 garbage-first heap   total 365568K, used 312320K [0x0000000080000000, 0x0000000100000000)
  region size 1024K, 3 young (3072K), 3 survivors (3072K)
 Metaspace       used 154374K, capacity 159509K, committed 159820K, reserved 1187840K
  class space    used 18855K, capacity 20748K, committed 20812K, reserved 1048576K
}
Event: 2058.026 GC heap before
{Heap before GC invocations=76 (full 0):
 garbage-first heap   total 365568K, used 326656K [0x0000000080000000, 0x0000000100000000)
  region size 1024K, 17 young (17408K), 3 survivors (3072K)
 Metaspace       used 154383K, capacity 159573K, committed 159820K, reserved 1187840K
  class space    used 18856K, capacity 20748K, committed 20812K, reserved 1048576K
}
Event: 2058.043 GC heap after
{Heap after GC invocations=77 (full 0):
 garbage-first heap   total 365568K, used 318464K [0x0000000080000000, 0x0000000100000000)
  region size 1024K, 3 young (3072K), 3 survivors (3072K)
 Metaspace       used 154383K, capacity 159573K, committed 159820K, reserved 1187840K
  class space    used 18856K, capacity 20748K, committed 20812K, reserved 1048576K
}
Event: 2058.177 GC heap before
{Heap before GC invocations=77 (full 0):
 garbage-first heap   total 365568K, used 325632K [0x0000000080000000, 0x0000000100000000)
  region size 1024K, 11 young (11264K), 3 survivors (3072K)
 Metaspace       used 154398K, capacity 159637K, committed 159820K, reserved 1187840K
  class space    used 18856K, capacity 20748K, committed 20812K, reserved 1048576K
}
Event: 2058.221 GC heap after
{Heap after GC invocations=78 (full 0):
 garbage-first heap   total 365568K, used 324608K [0x0000000080000000, 0x0000000100000000)
  region size 1024K, 3 young (3072K), 3 survivors (3072K)
 Metaspace       used 154398K, capacity 159637K, committed 159820K, reserved 1187840K
  class space    used 18856K, capacity 20748K, committed 20812K, reserved 1048576K
}
Event: 2060.247 GC heap before
{Heap before GC invocations=79 (full 0):
 garbage-first heap   total 365568K, used 304128K [0x0000000080000000, 0x0000000100000000)
  region size 1024K, 17 young (17408K), 3 survivors (3072K)
 Metaspace       used 151195K, capacity 155764K, committed 159820K, reserved 1187840K
  class space    used 18328K, capacity 19982K, committed 20812K, reserved 1048576K
}
Event: 2060.277 GC heap after
{Heap after GC invocations=80 (full 0):
 garbage-first heap   total 365568K, used 275206K [0x0000000080000000, 0x0000000100000000)
  region size 1024K, 1 young (1024K), 1 survivors (1024K)
 Metaspace       used 151195K, capacity 155764K, committed 159820K, reserved 1187840K
  class space    used 18328K, capacity 19982K, committed 20812K, reserved 1048576K
}
Event: 2060.920 GC heap before
{Heap before GC invocations=80 (full 0):
 garbage-first heap   total 365568K, used 291590K [0x0000000080000000, 0x0000000100000000)
  region size 1024K, 17 young (17408K), 1 survivors (1024K)
 Metaspace       used 151231K, capacity 155776K, committed 159820K, reserved 1187840K
  class space    used 18330K, capacity 19986K, committed 20812K, reserved 1048576K
}
Event: 2060.932 GC heap after
{Heap after GC invocations=81 (full 0):
 garbage-first heap   total 365568K, used 239997K [0x0000000080000000, 0x0000000100000000)
  region size 1024K, 2 young (2048K), 2 survivors (2048K)
 Metaspace       used 151231K, capacity 155776K, committed 159820K, reserved 1187840K
  class space    used 18330K, capacity 19986K, committed 20812K, reserved 1048576K
}
Event: 2065.894 GC heap before
{Heap before GC invocations=81 (full 0):
 garbage-first heap   total 365568K, used 255357K [0x0000000080000000, 0x0000000100000000)
  region size 1024K, 17 young (17408K), 2 survivors (2048K)
 Metaspace       used 151233K, capacity 155840K, committed 159820K, reserved 1187840K
  class space    used 18330K, capacity 19986K, committed 20812K, reserved 1048576K
}
Event: 2065.936 GC heap after
{Heap after GC invocations=82 (full 0):
 garbage-first heap   total 365568K, used 208058K [0x0000000080000000, 0x0000000100000000)
  region size 1024K, 3 young (3072K), 3 survivors (3072K)
 Metaspace       used 151233K, capacity 155840K, committed 159820K, reserved 1187840K
  class space    used 18330K, capacity 19986K, committed 20812K, reserved 1048576K
}
Event: 2066.208 GC heap before
{Heap before GC invocations=82 (full 0):
 garbage-first heap   total 365568K, used 222394K [0x0000000080000000, 0x0000000100000000)
  region size 1024K, 17 young (17408K), 3 survivors (3072K)
 Metaspace       used 151235K, capacity 155840K, committed 159820K, reserved 1187840K
  class space    used 18330K, capacity 19986K, committed 20812K, reserved 1048576K
}
Event: 2066.371 GC heap after
{Heap after GC invocations=83 (full 0):
 garbage-first heap   total 365568K, used 177212K [0x0000000080000000, 0x0000000100000000)
  region size 1024K, 1 young (1024K), 1 survivors (1024K)
 Metaspace       used 151235K, capacity 155840K, committed 159820K, reserved 1187840K
  class space    used 18330K, capacity 19986K, committed 20812K, reserved 1048576K
}
Event: 2067.998 GC heap before
{Heap before GC invocations=83 (full 0):
 garbage-first heap   total 365568K, used 193596K [0x0000000080000000, 0x0000000100000000)
  region size 1024K, 17 young (17408K), 1 survivors (1024K)
 Metaspace       used 151249K, capacity 155841K, committed 159820K, reserved 1187840K
  class space    used 18330K, capacity 19986K, committed 20812K, reserved 1048576K
}
Event: 2068.064 GC heap after
{Heap after GC invocations=84 (full 0):
 garbage-first heap   total 365568K, used 167718K [0x0000000080000000, 0x0000000100000000)
  region size 1024K, 1 young (1024K), 1 survivors (1024K)
 Metaspace       used 151249K, capacity 155841K, committed 159820K, reserved 1187840K
  class space    used 18330K, capacity 19986K, committed 20812K, reserved 1048576K
}

